2025-08-09 20:46:59 - main - INFO - startup:129 - ============================================================
2025-08-09 20:46:59 - main - INFO - startup:130 - Bot3 Trading Platform v2.0 - Starting...
2025-08-09 20:46:59 - main - INFO - startup:131 - Timestamp: 2025-08-09T20:46:59.621930
2025-08-09 20:46:59 - main - INFO - startup:132 - ============================================================
2025-08-09 20:46:59 - main - INFO - initialize_database:54 - Initializing PostgreSQL connection pool...
2025-08-09 20:46:59 - main - INFO - initialize_database:65 - ✅ Database connection established
2025-08-09 20:46:59 - main - INFO - initialize_redis:69 - Initializing Redis connection...
2025-08-09 20:46:59 - main - INFO - initialize_redis:77 - ✅ Redis connection established
2025-08-09 20:46:59 - main - INFO - initialize_engines:81 - Initializing trading engines...
2025-08-09 20:46:59 - main - ERROR - startup:154 - ❌ Startup failed: relation "model_versions" does not exist
2025-08-09 20:46:59 - main - INFO - shutdown:160 - Initiating graceful shutdown...
2025-08-09 20:46:59 - main - INFO - shutdown:183 - ✅ Shutdown complete
2025-08-09 20:48:23 - main - INFO - startup:129 - ============================================================
2025-08-09 20:48:23 - main - INFO - startup:130 - Bot3 Trading Platform v2.0 - Starting...
2025-08-09 20:48:23 - main - INFO - startup:131 - Timestamp: 2025-08-09T20:48:23.554732
2025-08-09 20:48:23 - main - INFO - startup:132 - ============================================================
2025-08-09 20:48:23 - main - INFO - initialize_database:54 - Initializing PostgreSQL connection pool...
2025-08-09 20:48:23 - main - INFO - initialize_database:65 - ✅ Database connection established
2025-08-09 20:48:23 - main - INFO - initialize_redis:69 - Initializing Redis connection...
2025-08-09 20:48:23 - main - INFO - initialize_redis:77 - ✅ Redis connection established
2025-08-09 20:48:23 - main - INFO - initialize_engines:81 - Initializing trading engines...
2025-08-09 20:48:23 - main - ERROR - startup:154 - ❌ Startup failed: relation "risk_events" does not exist
2025-08-09 20:48:23 - main - INFO - shutdown:160 - Initiating graceful shutdown...
2025-08-09 20:48:23 - main - INFO - shutdown:183 - ✅ Shutdown complete
2025-08-09 20:48:53 - main - INFO - startup:129 - ============================================================
2025-08-09 20:48:53 - main - INFO - startup:130 - Bot3 Trading Platform v2.0 - Starting...
2025-08-09 20:48:53 - main - INFO - startup:131 - Timestamp: 2025-08-09T20:48:53.466090
2025-08-09 20:48:53 - main - INFO - startup:132 - ============================================================
2025-08-09 20:48:53 - main - INFO - initialize_database:54 - Initializing PostgreSQL connection pool...
2025-08-09 20:48:53 - main - INFO - initialize_database:65 - ✅ Database connection established
2025-08-09 20:48:53 - main - INFO - initialize_redis:69 - Initializing Redis connection...
2025-08-09 20:48:53 - main - INFO - initialize_redis:77 - ✅ Redis connection established
2025-08-09 20:48:53 - main - INFO - initialize_engines:81 - Initializing trading engines...
2025-08-09 20:48:53 - main - ERROR - startup:154 - ❌ Startup failed: name 'ExchangeManager' is not defined
2025-08-09 20:48:53 - main - INFO - shutdown:160 - Initiating graceful shutdown...
2025-08-09 20:48:53 - main - INFO - shutdown:183 - ✅ Shutdown complete
2025-08-09 20:49:36 - main - INFO - startup:130 - ============================================================
2025-08-09 20:49:36 - main - INFO - startup:131 - Bot3 Trading Platform v2.0 - Starting...
2025-08-09 20:49:36 - main - INFO - startup:132 - Timestamp: 2025-08-09T20:49:36.578159
2025-08-09 20:49:36 - main - INFO - startup:133 - ============================================================
2025-08-09 20:49:36 - main - INFO - initialize_database:54 - Initializing PostgreSQL connection pool...
2025-08-09 20:49:36 - main - INFO - initialize_database:65 - ✅ Database connection established
2025-08-09 20:49:36 - main - INFO - initialize_redis:69 - Initializing Redis connection...
2025-08-09 20:49:36 - main - INFO - initialize_redis:77 - ✅ Redis connection established
2025-08-09 20:49:36 - main - INFO - initialize_engines:81 - Initializing trading engines...
2025-08-09 20:49:36 - main - ERROR - startup:155 - ❌ Startup failed: name 'MonitoringBridge' is not defined
2025-08-09 20:49:36 - main - INFO - shutdown:161 - Initiating graceful shutdown...
2025-08-09 20:49:36 - main - INFO - shutdown:184 - ✅ Shutdown complete
2025-08-09 21:26:17 - main - INFO - startup:131 - ============================================================
2025-08-09 21:26:17 - main - INFO - startup:132 - Bot3 Trading Platform v2.0 - Starting...
2025-08-09 21:26:17 - main - INFO - startup:133 - Timestamp: 2025-08-09T21:26:17.242838
2025-08-09 21:26:17 - main - INFO - startup:134 - ============================================================
2025-08-09 21:26:17 - main - INFO - initialize_database:54 - Initializing PostgreSQL connection pool...
2025-08-09 21:26:17 - main - INFO - initialize_database:65 - ✅ Database connection established
2025-08-09 21:26:17 - main - INFO - initialize_redis:69 - Initializing Redis connection...
2025-08-09 21:26:17 - main - INFO - initialize_redis:77 - ✅ Redis connection established
2025-08-09 21:26:17 - main - INFO - initialize_engines:81 - Initializing trading engines...
2025-08-09 21:26:17 - main - INFO - initialize_engines:126 - ✅ All engines initialized successfully
2025-08-09 21:26:17 - main - ERROR - startup:156 - ❌ Startup failed: 'NoneType' object has no attribute 'run'
2025-08-09 21:26:17 - main - INFO - shutdown:162 - Initiating graceful shutdown...
2025-08-09 21:26:17 - main - INFO - shutdown:185 - ✅ Shutdown complete
2025-08-09 21:26:47 - main - INFO - startup:131 - ============================================================
2025-08-09 21:26:47 - main - INFO - startup:132 - Bot3 Trading Platform v2.0 - Starting...
2025-08-09 21:26:47 - main - INFO - startup:133 - Timestamp: 2025-08-09T21:26:47.397513
2025-08-09 21:26:47 - main - INFO - startup:134 - ============================================================
2025-08-09 21:26:47 - main - INFO - initialize_database:54 - Initializing PostgreSQL connection pool...
2025-08-09 21:26:47 - main - INFO - initialize_database:65 - ✅ Database connection established
2025-08-09 21:26:47 - main - INFO - initialize_redis:69 - Initializing Redis connection...
2025-08-09 21:26:47 - main - INFO - initialize_redis:77 - ✅ Redis connection established
2025-08-09 21:26:47 - main - INFO - initialize_engines:81 - Initializing trading engines...
2025-08-09 21:26:47 - main - INFO - initialize_engines:126 - ✅ All engines initialized successfully
2025-08-09 21:26:47 - main - INFO - startup:146 - ✅ Bot3 Trading Platform is operational
2025-08-09 21:26:47 - main - INFO - startup:149 - Risk Limits Enforced:
2025-08-09 21:26:47 - main - INFO - startup:150 -   • Max Position Size: 0.02%
2025-08-09 21:26:47 - main - INFO - startup:151 -   • Max Leverage: 3x
2025-08-09 21:26:47 - main - INFO - startup:152 -   • Max Drawdown: 0.15%
2025-08-09 21:26:47 - main - INFO - startup:153 -   • Stop Loss Required: True
2025-08-09 21:26:47 - main - INFO - shutdown:162 - Initiating graceful shutdown...
2025-08-09 21:26:47 - main - INFO - shutdown:185 - ✅ Shutdown complete
2025-08-09 22:33:08 - main - INFO - startup:131 - ============================================================
2025-08-09 22:33:08 - main - INFO - startup:132 - Bot3 Trading Platform v2.0 - Starting...
2025-08-09 22:33:08 - main - INFO - startup:133 - Timestamp: 2025-08-09T22:33:08.310957
2025-08-09 22:33:08 - main - INFO - startup:134 - ============================================================
2025-08-09 22:33:08 - main - INFO - initialize_database:54 - Initializing PostgreSQL connection pool...
2025-08-09 22:33:08 - main - INFO - initialize_database:65 - ✅ Database connection established
2025-08-09 22:33:08 - main - INFO - initialize_redis:69 - Initializing Redis connection...
2025-08-09 22:33:08 - main - INFO - initialize_redis:77 - ✅ Redis connection established
2025-08-09 22:33:08 - main - INFO - initialize_engines:81 - Initializing trading engines...
2025-08-09 22:33:08 - main - INFO - initialize_engines:126 - ✅ All engines initialized successfully
2025-08-09 22:33:08 - main - INFO - startup:146 - ✅ Bot3 Trading Platform is operational
2025-08-09 22:33:08 - main - INFO - startup:149 - Risk Limits Enforced:
2025-08-09 22:33:08 - main - INFO - startup:150 -   • Max Position Size: 0.02%
2025-08-09 22:33:08 - main - INFO - startup:151 -   • Max Leverage: 3x
2025-08-09 22:33:08 - main - INFO - startup:152 -   • Max Drawdown: 0.15%
2025-08-09 22:33:08 - main - INFO - startup:153 -   • Stop Loss Required: True
2025-08-09 22:33:08 - main - INFO - shutdown:162 - Initiating graceful shutdown...
2025-08-09 22:33:08 - main - WARNING - health_check_loop:210 - ⚠️ Unhealthy components: ['trading_engine', 'risk_engine', 'ml_engine', 'exchange_connections']
2025-08-09 22:33:08 - main - INFO - shutdown:185 - ✅ Shutdown complete
2025-08-10 00:02:28 - main - INFO - startup:131 - ============================================================
2025-08-10 00:02:28 - main - INFO - startup:132 - Bot3 Trading Platform v2.0 - Starting...
2025-08-10 00:02:28 - main - INFO - startup:133 - Timestamp: 2025-08-10T00:02:28.162746
2025-08-10 00:02:28 - main - INFO - startup:134 - ============================================================
2025-08-10 00:02:28 - main - INFO - initialize_database:54 - Initializing PostgreSQL connection pool...
2025-08-10 00:02:28 - main - INFO - initialize_database:65 - ✅ Database connection established
2025-08-10 00:02:28 - main - INFO - initialize_redis:69 - Initializing Redis connection...
2025-08-10 00:02:28 - main - INFO - initialize_redis:77 - ✅ Redis connection established
2025-08-10 00:02:28 - main - INFO - initialize_engines:81 - Initializing trading engines...
2025-08-10 00:02:28 - main - INFO - initialize_engines:126 - ✅ All engines initialized successfully
2025-08-10 00:02:28 - main - INFO - startup:146 - ✅ Bot3 Trading Platform is operational
2025-08-10 00:02:28 - main - INFO - startup:149 - Risk Limits Enforced:
2025-08-10 00:02:28 - main - INFO - startup:150 -   • Max Position Size: 0.02%
2025-08-10 00:02:28 - main - INFO - startup:151 -   • Max Leverage: 3x
2025-08-10 00:02:28 - main - INFO - startup:152 -   • Max Drawdown: 0.15%
2025-08-10 00:02:28 - main - INFO - startup:153 -   • Stop Loss Required: True
2025-08-10 00:02:28 - main - INFO - shutdown:162 - Initiating graceful shutdown...
2025-08-10 00:02:28 - main - WARNING - health_check_loop:210 - ⚠️ Unhealthy components: ['trading_engine', 'risk_engine', 'ml_engine', 'exchange_connections']
2025-08-10 00:02:28 - main - INFO - shutdown:185 - ✅ Shutdown complete
2025-08-10 00:02:55 - main - INFO - startup:131 - ============================================================
2025-08-10 00:02:55 - main - INFO - startup:132 - Bot3 Trading Platform v2.0 - Starting...
2025-08-10 00:02:55 - main - INFO - startup:133 - Timestamp: 2025-08-10T00:02:55.100318
2025-08-10 00:02:55 - main - INFO - startup:134 - ============================================================
2025-08-10 00:02:55 - main - INFO - initialize_database:54 - Initializing PostgreSQL connection pool...
2025-08-10 00:02:55 - main - INFO - initialize_database:65 - ✅ Database connection established
2025-08-10 00:02:55 - main - INFO - initialize_redis:69 - Initializing Redis connection...
2025-08-10 00:02:55 - main - INFO - initialize_redis:77 - ✅ Redis connection established
2025-08-10 00:02:55 - main - INFO - initialize_engines:81 - Initializing trading engines...
2025-08-10 00:02:55 - main - INFO - initialize_engines:126 - ✅ All engines initialized successfully
2025-08-10 00:02:55 - main - INFO - startup:146 - ✅ Bot3 Trading Platform is operational
2025-08-10 00:02:55 - main - INFO - startup:149 - Risk Limits Enforced:
2025-08-10 00:02:55 - main - INFO - startup:150 -   • Max Position Size: 0.02%
2025-08-10 00:02:55 - main - INFO - startup:151 -   • Max Leverage: 3x
2025-08-10 00:02:55 - main - INFO - startup:152 -   • Max Drawdown: 0.15%
2025-08-10 00:02:55 - main - INFO - startup:153 -   • Stop Loss Required: True
2025-08-10 00:02:55 - main - INFO - shutdown:162 - Initiating graceful shutdown...
2025-08-10 00:02:55 - main - WARNING - health_check_loop:210 - ⚠️ Unhealthy components: ['trading_engine', 'risk_engine', 'ml_engine', 'exchange_connections']
2025-08-10 00:02:55 - main - INFO - shutdown:185 - ✅ Shutdown complete
2025-08-10 00:10:11 - main - INFO - startup:129 - ============================================================
2025-08-10 00:10:11 - main - INFO - startup:130 - Bot3 Trading Platform v2.0 - Starting...
2025-08-10 00:10:11 - main - INFO - startup:131 - Timestamp: 2025-08-10T00:10:11.947610
2025-08-10 00:10:11 - main - INFO - startup:132 - ============================================================
2025-08-10 00:10:11 - main - INFO - initialize_database:54 - Initializing PostgreSQL connection pool...
2025-08-10 00:10:12 - main - INFO - initialize_database:65 - ✅ Database connection established
2025-08-10 00:10:12 - main - INFO - initialize_redis:69 - Initializing Redis connection...
2025-08-10 00:10:12 - main - INFO - initialize_redis:77 - ✅ Redis connection established
2025-08-10 00:10:12 - main - INFO - initialize_engines:81 - Initializing trading engines...
2025-08-10 00:10:12 - main - INFO - initialize_engines:100 - Initializing Exchange Manager...
2025-08-10 00:10:12 - main - INFO - initialize_engines:103 - ✅ Exchange Manager initialized in mock mode
2025-08-10 00:10:12 - main - INFO - initialize_engines:124 - ✅ All engines initialized successfully
2025-08-10 00:10:12 - main - INFO - startup:144 - ✅ Bot3 Trading Platform is operational
2025-08-10 00:10:12 - main - INFO - startup:147 - Risk Limits Enforced:
2025-08-10 00:10:12 - main - INFO - startup:148 -   • Max Position Size: 0.02%
2025-08-10 00:10:12 - main - INFO - startup:149 -   • Max Leverage: 3x
2025-08-10 00:10:12 - main - INFO - startup:150 -   • Max Drawdown: 0.15%
2025-08-10 00:10:12 - main - INFO - startup:151 -   • Stop Loss Required: True
2025-08-10 00:10:12 - main - INFO - shutdown:160 - Initiating graceful shutdown...
2025-08-10 00:10:12 - main - WARNING - health_check_loop:208 - ⚠️ Unhealthy components: ['trading_engine', 'risk_engine', 'ml_engine']
2025-08-10 00:10:12 - main - INFO - shutdown:183 - ✅ Shutdown complete
2025-08-10 00:16:44 - main - INFO - startup:129 - ============================================================
2025-08-10 00:16:44 - main - INFO - startup:130 - Bot3 Trading Platform v2.0 - Starting...
2025-08-10 00:16:44 - main - INFO - startup:131 - Timestamp: 2025-08-10T00:16:44.397243
2025-08-10 00:16:44 - main - INFO - startup:132 - ============================================================
2025-08-10 00:16:44 - main - INFO - initialize_database:54 - Initializing PostgreSQL connection pool...
2025-08-10 00:16:44 - main - INFO - initialize_database:65 - ✅ Database connection established
2025-08-10 00:16:44 - main - INFO - initialize_redis:69 - Initializing Redis connection...
2025-08-10 00:16:44 - main - INFO - initialize_redis:77 - ✅ Redis connection established
2025-08-10 00:16:44 - main - INFO - initialize_engines:81 - Initializing trading engines...
2025-08-10 00:16:44 - main - INFO - initialize_engines:100 - Initializing Exchange Manager...
2025-08-10 00:16:44 - main - INFO - initialize_engines:103 - ✅ Exchange Manager initialized in mock mode
2025-08-10 00:16:44 - main - INFO - initialize_engines:124 - ✅ All engines initialized successfully
2025-08-10 00:16:44 - main - INFO - startup:144 - ✅ Bot3 Trading Platform is operational
2025-08-10 00:16:44 - main - INFO - startup:147 - Risk Limits Enforced:
2025-08-10 00:16:44 - main - INFO - startup:148 -   • Max Position Size: 0.02%
2025-08-10 00:16:44 - main - INFO - startup:149 -   • Max Leverage: 3x
2025-08-10 00:16:44 - main - INFO - startup:150 -   • Max Drawdown: 0.15%
2025-08-10 00:16:44 - main - INFO - startup:151 -   • Stop Loss Required: True
2025-08-10 00:16:53 - main - INFO - signal_handler:301 - Received signal 15
2025-08-10 00:41:48 - main - INFO - startup:143 - ============================================================
2025-08-10 00:41:48 - main - INFO - startup:144 - Bot3 Trading Platform v2.0 - Starting...
2025-08-10 00:41:48 - main - INFO - startup:145 - Timestamp: 2025-08-10T00:41:48.115669
2025-08-10 00:41:48 - main - INFO - startup:146 - ============================================================
2025-08-10 00:41:48 - main - INFO - initialize_database:56 - Initializing PostgreSQL connection pool...
2025-08-10 00:41:48 - main - INFO - initialize_database:67 - ✅ Database connection established
2025-08-10 00:41:48 - main - INFO - initialize_redis:71 - Initializing Redis connection...
2025-08-10 00:41:48 - main - INFO - initialize_redis:79 - ✅ Redis connection established
2025-08-10 00:41:48 - main - INFO - initialize_engines:83 - Initializing trading engines...
2025-08-10 00:41:48 - main - INFO - initialize_engines:102 - Initializing Exchange Manager...
2025-08-10 00:41:48 - main - INFO - initialize_engines:105 - ✅ Exchange Manager initialized in mock mode
2025-08-10 00:41:48 - main - INFO - initialize_engines:108 - Initializing Smart Order Router...
2025-08-10 00:41:48 - main - INFO - initialize_engines:115 - ✅ Smart Order Router connected
2025-08-10 00:41:48 - main - INFO - initialize_engines:129 - Initializing Monitoring Bridge...
2025-08-10 00:41:48 - main - INFO - initialize_engines:136 - ✅ Monitoring Bridge active
2025-08-10 00:41:48 - main - INFO - initialize_engines:138 - ✅ All engines initialized successfully
2025-08-10 00:41:48 - main - INFO - startup:158 - ✅ Bot3 Trading Platform is operational
2025-08-10 00:41:48 - main - INFO - startup:161 - Risk Limits Enforced:
2025-08-10 00:41:48 - main - INFO - startup:162 -   • Max Position Size: 0.02%
2025-08-10 00:41:48 - main - INFO - startup:163 -   • Max Leverage: 3x
2025-08-10 00:41:48 - main - INFO - startup:164 -   • Max Drawdown: 0.15%
2025-08-10 00:41:48 - main - INFO - startup:165 -   • Stop Loss Required: True
2025-08-10 00:41:49 - main - INFO - shutdown:174 - Initiating graceful shutdown...
2025-08-10 00:41:49 - main - WARNING - health_check_loop:224 - ⚠️ Unhealthy components: ['database', 'trading_engine']
2025-08-10 00:46:33 - main - INFO - startup:143 - ============================================================
2025-08-10 00:46:33 - main - INFO - startup:144 - Bot3 Trading Platform v2.0 - Starting...
2025-08-10 00:46:33 - main - INFO - startup:145 - Timestamp: 2025-08-10T00:46:33.583603
2025-08-10 00:46:33 - main - INFO - startup:146 - ============================================================
2025-08-10 00:46:33 - main - INFO - initialize_database:56 - Initializing PostgreSQL connection pool...
2025-08-10 00:46:33 - main - INFO - initialize_database:67 - ✅ Database connection established
2025-08-10 00:46:33 - main - INFO - initialize_redis:71 - Initializing Redis connection...
2025-08-10 00:46:33 - main - INFO - initialize_redis:79 - ✅ Redis connection established
2025-08-10 00:46:33 - main - INFO - initialize_engines:83 - Initializing trading engines...
2025-08-10 00:46:33 - main - INFO - initialize_engines:102 - Initializing Exchange Manager...
2025-08-10 00:46:33 - main - INFO - initialize_engines:105 - ✅ Exchange Manager initialized in mock mode
2025-08-10 00:46:33 - main - INFO - initialize_engines:108 - Initializing Smart Order Router...
2025-08-10 00:46:33 - main - INFO - initialize_engines:115 - ✅ Smart Order Router connected
2025-08-10 00:46:33 - main - INFO - initialize_engines:129 - Initializing Monitoring Bridge...
2025-08-10 00:46:33 - main - INFO - initialize_engines:136 - ✅ Monitoring Bridge active
2025-08-10 00:46:33 - main - INFO - initialize_engines:138 - ✅ All engines initialized successfully
2025-08-10 00:46:33 - main - INFO - startup:158 - ✅ Bot3 Trading Platform is operational
2025-08-10 00:46:33 - main - INFO - startup:161 - Risk Limits Enforced:
2025-08-10 00:46:33 - main - INFO - startup:162 -   • Max Position Size: 0.02%
2025-08-10 00:46:33 - main - INFO - startup:163 -   • Max Leverage: 3x
2025-08-10 00:46:33 - main - INFO - startup:164 -   • Max Drawdown: 0.15%
2025-08-10 00:46:33 - main - INFO - startup:165 -   • Stop Loss Required: True
2025-08-10 00:46:34 - main - INFO - shutdown:174 - Initiating graceful shutdown...
2025-08-10 00:46:34 - main - WARNING - health_check_loop:224 - ⚠️ Unhealthy components: ['trading_engine', 'risk_engine', 'ml_engine']
2025-08-10 00:46:34 - main - INFO - shutdown:199 - ✅ Shutdown complete
2025-08-10 00:52:26 - main - INFO - startup:143 - ============================================================
2025-08-10 00:52:26 - main - INFO - startup:144 - Bot3 Trading Platform v2.0 - Starting...
2025-08-10 00:52:26 - main - INFO - startup:145 - Timestamp: 2025-08-10T00:52:26.095754
2025-08-10 00:52:26 - main - INFO - startup:146 - ============================================================
2025-08-10 00:52:26 - main - INFO - initialize_database:56 - Initializing PostgreSQL connection pool...
2025-08-10 00:52:26 - main - INFO - initialize_database:67 - ✅ Database connection established
2025-08-10 00:52:26 - main - INFO - initialize_redis:71 - Initializing Redis connection...
2025-08-10 00:52:26 - main - INFO - initialize_redis:79 - ✅ Redis connection established
2025-08-10 00:52:26 - main - INFO - initialize_engines:83 - Initializing trading engines...
2025-08-10 00:52:26 - main - INFO - initialize_engines:102 - Initializing Exchange Manager...
2025-08-10 00:52:26 - main - INFO - initialize_engines:105 - ✅ Exchange Manager initialized in mock mode
2025-08-10 00:52:26 - main - INFO - initialize_engines:108 - Initializing Smart Order Router...
2025-08-10 00:52:26 - main - INFO - initialize_engines:115 - ✅ Smart Order Router connected
2025-08-10 00:52:26 - main - INFO - initialize_engines:129 - Initializing Monitoring Bridge...
2025-08-10 00:52:26 - main - INFO - initialize_engines:136 - ✅ Monitoring Bridge active
2025-08-10 00:52:26 - main - INFO - initialize_engines:138 - ✅ All engines initialized successfully
2025-08-10 00:52:26 - main - INFO - startup:158 - ✅ Bot3 Trading Platform is operational
2025-08-10 00:52:26 - main - INFO - startup:161 - Risk Limits Enforced:
2025-08-10 00:52:26 - main - INFO - startup:162 -   • Max Position Size: 0.02%
2025-08-10 00:52:26 - main - INFO - startup:163 -   • Max Leverage: 3x
2025-08-10 00:52:26 - main - INFO - startup:164 -   • Max Drawdown: 0.15%
2025-08-10 00:52:26 - main - INFO - startup:165 -   • Stop Loss Required: True
2025-08-10 00:52:27 - main - INFO - shutdown:174 - Initiating graceful shutdown...
2025-08-10 00:52:27 - main - WARNING - health_check_loop:224 - ⚠️ Unhealthy components: ['trading_engine', 'risk_engine', 'ml_engine']
2025-08-10 00:52:27 - main - INFO - shutdown:199 - ✅ Shutdown complete
2025-08-10 17:19:43 - main - INFO - startup:147 - ============================================================
2025-08-10 17:19:43 - main - INFO - startup:148 - Bot3 Trading Platform v2.0 - Starting...
2025-08-10 17:19:43 - main - INFO - startup:149 - Timestamp: 2025-08-10T17:19:43.714156
2025-08-10 17:19:43 - main - INFO - startup:150 - ============================================================
2025-08-10 17:19:43 - main - INFO - initialize_database:60 - Initializing PostgreSQL connection pool...
2025-08-10 17:19:43 - main - INFO - initialize_database:71 - ✅ Database connection established
2025-08-10 17:19:43 - main - INFO - initialize_redis:75 - Initializing Redis connection...
2025-08-10 17:19:43 - main - INFO - initialize_redis:83 - ✅ Redis connection established
2025-08-10 17:19:43 - main - INFO - initialize_engines:87 - Initializing trading engines...
2025-08-10 17:19:44 - main - ERROR - startup:172 - ❌ Startup failed: 'ConfigLoader' object has no attribute 'get'
2025-08-10 17:19:44 - main - INFO - shutdown:178 - Initiating graceful shutdown...
2025-08-10 17:31:35 - main - INFO - startup:147 - ============================================================
2025-08-10 17:31:35 - main - INFO - startup:148 - Bot3 Trading Platform v2.0 - Starting...
2025-08-10 17:31:35 - main - INFO - startup:149 - Timestamp: 2025-08-10T17:31:35.670085
2025-08-10 17:31:35 - main - INFO - startup:150 - ============================================================
2025-08-10 17:31:35 - main - INFO - initialize_database:60 - Initializing PostgreSQL connection pool...
2025-08-10 17:31:35 - main - INFO - initialize_database:71 - ✅ Database connection established
2025-08-10 17:31:35 - main - INFO - initialize_redis:75 - Initializing Redis connection...
2025-08-10 17:31:35 - main - INFO - initialize_redis:83 - ✅ Redis connection established
2025-08-10 17:31:35 - main - INFO - initialize_engines:87 - Initializing trading engines...
2025-08-10 17:31:35 - main - INFO - initialize_engines:106 - Initializing Exchange Manager...
2025-08-10 17:31:35 - main - INFO - initialize_engines:109 - ✅ Exchange Manager initialized in mock mode
2025-08-10 17:31:35 - main - INFO - initialize_engines:112 - Initializing Smart Order Router...
2025-08-10 17:31:35 - main - INFO - initialize_engines:119 - ✅ Smart Order Router connected
2025-08-10 17:31:35 - main - INFO - initialize_engines:133 - Initializing Monitoring Bridge...
2025-08-10 17:31:35 - main - INFO - initialize_engines:140 - ✅ Monitoring Bridge active
2025-08-10 17:31:35 - main - INFO - initialize_engines:142 - ✅ All engines initialized successfully
2025-08-10 17:31:35 - main - INFO - startup:162 - ✅ Bot3 Trading Platform is operational
2025-08-10 17:31:35 - main - INFO - startup:165 - Risk Limits Enforced:
2025-08-10 17:31:35 - main - INFO - startup:166 -   • Max Position Size: 0.02%
2025-08-10 17:31:35 - main - INFO - startup:167 -   • Max Leverage: 3x
2025-08-10 17:31:35 - main - INFO - startup:168 -   • Max Drawdown: 0.15%
2025-08-10 17:31:35 - main - INFO - startup:169 -   • Stop Loss Required: True
2025-08-10 17:31:36 - main - INFO - shutdown:178 - Initiating graceful shutdown...
2025-08-10 17:31:36 - main - WARNING - health_check_loop:228 - ⚠️ Unhealthy components: ['trading_engine']
